#! /opt/homebrew/Cellar/icarus-verilog/11.0/bin/vvp
:ivl_version "11.0 (stable)";
:ivl_delay_selection "TYPICAL";
:vpi_time_precision + 0;
:vpi_module "/opt/homebrew/Cellar/icarus-verilog/11.0/lib/ivl/system.vpi";
:vpi_module "/opt/homebrew/Cellar/icarus-verilog/11.0/lib/ivl/vhdl_sys.vpi";
:vpi_module "/opt/homebrew/Cellar/icarus-verilog/11.0/lib/ivl/vhdl_textio.vpi";
:vpi_module "/opt/homebrew/Cellar/icarus-verilog/11.0/lib/ivl/v2005_math.vpi";
:vpi_module "/opt/homebrew/Cellar/icarus-verilog/11.0/lib/ivl/va_math.vpi";
S_0x153e0e1f0 .scope module, "TestBench" "TestBench" 2 2;
 .timescale 0 0;
v0x153e31af0_0 .var "Clk", 0 0;
v0x153e31b80_0 .var "Reset", 0 0;
v0x153e31c50_0 .var "Start", 0 0;
v0x153e31d20_0 .var/i "counter", 31 0;
v0x153e31db0_0 .var/i "i", 31 0;
v0x153e31e40_0 .var/i "outfile", 31 0;
S_0x153e0e360 .scope module, "CPU" "CPU" 2 11, 3 2 0, S_0x153e0e1f0;
 .timescale 0 0;
    .port_info 0 /INPUT 1 "clk_i";
    .port_info 1 /INPUT 1 "rst_i";
    .port_info 2 /INPUT 1 "start_i";
v0x153e30ac0_0 .net "ALUCtrl", 2 0, L_0x153e331a0;  1 drivers
v0x153e30ba0_0 .net "ALUInput2", 31 0, L_0x153e32eb0;  1 drivers
v0x153e30c80_0 .net "ALUOp", 1 0, L_0x153e322c0;  1 drivers
v0x153e30d50_0 .net "ALUSrc", 0 0, L_0x153e32330;  1 drivers
v0x153e30e20_0 .net "Imm", 31 0, L_0x153e32f20;  1 drivers
v0x153e30f30_0 .net "Inst", 31 0, L_0x153e328c0;  1 drivers
v0x153e30fc0_0 .net "PCValueNew", 31 0, L_0x153e32440;  1 drivers
v0x153e31090_0 .net "PCValueOld", 31 0, v0x153e2f530_0;  1 drivers
v0x153e31120_0 .net "RDaddr", 4 0, L_0x153e320f0;  1 drivers
v0x153e31230_0 .net "RDdata", 31 0, L_0x153e33080;  1 drivers
v0x153e312c0_0 .net "RS1addr", 4 0, L_0x153e31ef0;  1 drivers
v0x153e31350_0 .net "RS1data", 31 0, L_0x153e32b30;  1 drivers
v0x153e31420_0 .net "RS2addr", 4 0, L_0x153e32010;  1 drivers
v0x153e314b0_0 .net "RS2data", 31 0, L_0x153e32e00;  1 drivers
v0x153e31580_0 .net "RegWrite", 0 0, L_0x153e32250;  1 drivers
v0x153e31650_0 .net "Zero", 0 0, L_0x153e330f0;  1 drivers
v0x153e316e0_0 .net *"_ivl_13", 6 0, L_0x153e33230;  1 drivers
v0x153e31870_0 .net *"_ivl_15", 2 0, L_0x153e333f0;  1 drivers
v0x153e31900_0 .net "clk_i", 0 0, v0x153e31af0_0;  1 drivers
v0x153e319d0_0 .net "rst_i", 0 0, v0x153e31b80_0;  1 drivers
v0x153e31a60_0 .net "start_i", 0 0, v0x153e31c50_0;  1 drivers
L_0x153e31ef0 .part L_0x153e328c0, 15, 5;
L_0x153e32010 .part L_0x153e328c0, 20, 5;
L_0x153e320f0 .part L_0x153e328c0, 7, 5;
L_0x153e323a0 .part L_0x153e328c0, 0, 7;
L_0x153e32f90 .part L_0x153e328c0, 20, 12;
L_0x153e33230 .part L_0x153e328c0, 25, 7;
L_0x153e333f0 .part L_0x153e328c0, 12, 3;
L_0x153e334b0 .concat [ 3 7 0 0], L_0x153e333f0, L_0x153e33230;
S_0x153e0d480 .scope module, "ALU" "ALU" 3 80, 4 9 0, S_0x153e0e360;
 .timescale 0 0;
    .port_info 0 /INPUT 32 "data1_i";
    .port_info 1 /INPUT 32 "data2_i";
    .port_info 2 /INPUT 3 "ALUCtrl_i";
    .port_info 3 /OUTPUT 32 "data_o";
    .port_info 4 /OUTPUT 1 "Zero_o";
L_0x153e33080 .functor BUFZ 32, v0x153e2ce40_0, C4<00000000000000000000000000000000>, C4<00000000000000000000000000000000>, C4<00000000000000000000000000000000>;
L_0x153e330f0 .functor BUFZ 1, v0x153e2ccf0_0, C4<0>, C4<0>, C4<0>;
v0x153e14010_0 .net "ALUCtrl_i", 2 0, L_0x153e331a0;  alias, 1 drivers
v0x153e2ccf0_0 .var "Zero", 0 0;
v0x153e2cd90_0 .net "Zero_o", 0 0, L_0x153e330f0;  alias, 1 drivers
v0x153e2ce40_0 .var "data", 31 0;
v0x153e2cef0_0 .net/s "data1_i", 31 0, L_0x153e32b30;  alias, 1 drivers
v0x153e2cfe0_0 .net/s "data2_i", 31 0, L_0x153e32eb0;  alias, 1 drivers
v0x153e2d090_0 .net "data_o", 31 0, L_0x153e33080;  alias, 1 drivers
E_0x153e12150 .event edge, v0x153e14010_0, v0x153e2cef0_0, v0x153e2cfe0_0, v0x153e2ce40_0;
S_0x153e2d1c0 .scope module, "ALU_Control" "ALU_Control" 3 89, 5 8 0, S_0x153e0e360;
 .timescale 0 0;
    .port_info 0 /INPUT 10 "funct_i";
    .port_info 1 /INPUT 2 "ALUOp_i";
    .port_info 2 /OUTPUT 3 "ALUCtrl_o";
L_0x153e331a0 .functor BUFZ 3, v0x153e2d400_0, C4<000>, C4<000>, C4<000>;
v0x153e2d400_0 .var "ALUCtrl", 2 0;
v0x153e2d4b0_0 .net "ALUCtrl_o", 2 0, L_0x153e331a0;  alias, 1 drivers
v0x153e2d570_0 .net "ALUOp_i", 1 0, L_0x153e322c0;  alias, 1 drivers
v0x153e2d620_0 .net "funct_i", 9 0, L_0x153e334b0;  1 drivers
E_0x153e2d3d0 .event edge, v0x153e2d570_0, v0x153e2d620_0;
S_0x153e2d720 .scope module, "Add_PC" "Adder" 3 31, 6 1 0, S_0x153e0e360;
 .timescale 0 0;
    .port_info 0 /INPUT 32 "data1_in";
    .port_info 1 /INPUT 32 "data2_in";
    .port_info 2 /OUTPUT 32 "data_o";
v0x153e2d950_0 .net "data1_in", 31 0, v0x153e2f530_0;  alias, 1 drivers
L_0x158078010 .functor BUFT 1, C4<00000000000000000000000000000100>, C4<0>, C4<0>, C4<0>;
v0x153e2da00_0 .net "data2_in", 31 0, L_0x158078010;  1 drivers
v0x153e2dab0_0 .net "data_o", 31 0, L_0x153e32440;  alias, 1 drivers
L_0x153e32440 .arith/sum 32, v0x153e2f530_0, L_0x158078010;
S_0x153e2dbc0 .scope module, "Control" "Control" 3 23, 7 1 0, S_0x153e0e360;
 .timescale 0 0;
    .port_info 0 /INPUT 7 "Op_i";
    .port_info 1 /OUTPUT 2 "ALUOp_o";
    .port_info 2 /OUTPUT 1 "ALUSrc_o";
    .port_info 3 /OUTPUT 1 "RegWrite_o";
L_0x153e32250 .functor BUFZ 1, v0x153e2e1e0_0, C4<0>, C4<0>, C4<0>;
L_0x153e322c0 .functor BUFZ 2, v0x153e2de30_0, C4<00>, C4<00>, C4<00>;
L_0x153e32330 .functor BUFZ 1, v0x153e2dfb0_0, C4<0>, C4<0>, C4<0>;
v0x153e2de30_0 .var "ALUOp", 1 0;
v0x153e2def0_0 .net "ALUOp_o", 1 0, L_0x153e322c0;  alias, 1 drivers
v0x153e2dfb0_0 .var "ALUSrc", 0 0;
v0x153e2e060_0 .net "ALUSrc_o", 0 0, L_0x153e32330;  alias, 1 drivers
v0x153e2e0f0_0 .net "Op_i", 6 0, L_0x153e323a0;  1 drivers
v0x153e2e1e0_0 .var "RegWrite", 0 0;
v0x153e2e280_0 .net "RegWrite_o", 0 0, L_0x153e32250;  alias, 1 drivers
E_0x153e2dde0 .event edge, v0x153e2e0f0_0;
S_0x153e2e360 .scope module, "Instruction_Memory" "Instruction_Memory" 3 47, 8 1 0, S_0x153e0e360;
 .timescale 0 0;
    .port_info 0 /INPUT 32 "addr_i";
    .port_info 1 /OUTPUT 32 "instr_o";
L_0x153e328c0 .functor BUFZ 32, L_0x153e325c0, C4<00000000000000000000000000000000>, C4<00000000000000000000000000000000>, C4<00000000000000000000000000000000>;
v0x153e2e590_0 .net *"_ivl_0", 31 0, L_0x153e325c0;  1 drivers
v0x153e2e640_0 .net *"_ivl_2", 31 0, L_0x153e32760;  1 drivers
v0x153e2e6e0_0 .net *"_ivl_4", 29 0, L_0x153e32680;  1 drivers
L_0x158078058 .functor BUFT 1, C4<00>, C4<0>, C4<0>, C4<0>;
v0x153e2e790_0 .net *"_ivl_6", 1 0, L_0x158078058;  1 drivers
v0x153e2e840_0 .net "addr_i", 31 0, v0x153e2f530_0;  alias, 1 drivers
v0x153e2e920_0 .net "instr_o", 31 0, L_0x153e328c0;  alias, 1 drivers
v0x153e2e9c0 .array "memory", 255 0, 31 0;
L_0x153e325c0 .array/port v0x153e2e9c0, L_0x153e32760;
L_0x153e32680 .part v0x153e2f530_0, 2, 30;
L_0x153e32760 .concat [ 30 2 0 0], L_0x153e32680, L_0x158078058;
S_0x153e2ea90 .scope module, "MUX_ALUSrc" "MUX32" 3 64, 9 1 0, S_0x153e0e360;
 .timescale 0 0;
    .port_info 0 /INPUT 32 "data1_i";
    .port_info 1 /INPUT 32 "data2_i";
    .port_info 2 /INPUT 1 "select_i";
    .port_info 3 /OUTPUT 32 "data_o";
L_0x153e32eb0 .functor BUFZ 32, v0x153e2ed20_0, C4<00000000000000000000000000000000>, C4<00000000000000000000000000000000>, C4<00000000000000000000000000000000>;
v0x153e2ed20_0 .var "data", 31 0;
v0x153e2ede0_0 .net "data1_i", 31 0, L_0x153e32e00;  alias, 1 drivers
v0x153e2ee90_0 .net "data2_i", 31 0, L_0x153e32f20;  alias, 1 drivers
v0x153e2ef50_0 .net "data_o", 31 0, L_0x153e32eb0;  alias, 1 drivers
v0x153e2f010_0 .net "select_i", 0 0, L_0x153e32330;  alias, 1 drivers
E_0x153e2ecd0 .event edge, v0x153e2e060_0, v0x153e2ee90_0, v0x153e2ede0_0;
S_0x153e2f120 .scope module, "PC" "PC" 3 38, 10 1 0, S_0x153e0e360;
 .timescale 0 0;
    .port_info 0 /INPUT 1 "clk_i";
    .port_info 1 /INPUT 1 "rst_i";
    .port_info 2 /INPUT 1 "start_i";
    .port_info 3 /INPUT 32 "pc_i";
    .port_info 4 /OUTPUT 32 "pc_o";
v0x153e2f3e0_0 .net "clk_i", 0 0, v0x153e31af0_0;  alias, 1 drivers
v0x153e2f490_0 .net "pc_i", 31 0, L_0x153e32440;  alias, 1 drivers
v0x153e2f530_0 .var "pc_o", 31 0;
v0x153e2f620_0 .net "rst_i", 0 0, v0x153e31b80_0;  alias, 1 drivers
v0x153e2f6b0_0 .net "start_i", 0 0, v0x153e31c50_0;  alias, 1 drivers
E_0x153e2f390/0 .event negedge, v0x153e2f620_0;
E_0x153e2f390/1 .event posedge, v0x153e2f3e0_0;
E_0x153e2f390 .event/or E_0x153e2f390/0, E_0x153e2f390/1;
S_0x153e2f7f0 .scope module, "Registers" "Registers" 3 52, 11 1 0, S_0x153e0e360;
 .timescale 0 0;
    .port_info 0 /INPUT 1 "clk_i";
    .port_info 1 /INPUT 5 "RS1addr_i";
    .port_info 2 /INPUT 5 "RS2addr_i";
    .port_info 3 /INPUT 5 "RDaddr_i";
    .port_info 4 /INPUT 32 "RDdata_i";
    .port_info 5 /INPUT 1 "RegWrite_i";
    .port_info 6 /OUTPUT 32 "RS1data_o";
    .port_info 7 /OUTPUT 32 "RS2data_o";
L_0x153e32b30 .functor BUFZ 32, L_0x153e32970, C4<00000000000000000000000000000000>, C4<00000000000000000000000000000000>, C4<00000000000000000000000000000000>;
L_0x153e32e00 .functor BUFZ 32, L_0x153e32be0, C4<00000000000000000000000000000000>, C4<00000000000000000000000000000000>, C4<00000000000000000000000000000000>;
v0x153e2fab0_0 .net "RDaddr_i", 4 0, L_0x153e320f0;  alias, 1 drivers
v0x153e2fb70_0 .net "RDdata_i", 31 0, L_0x153e33080;  alias, 1 drivers
v0x153e2fc30_0 .net "RS1addr_i", 4 0, L_0x153e31ef0;  alias, 1 drivers
v0x153e2fce0_0 .net "RS1data_o", 31 0, L_0x153e32b30;  alias, 1 drivers
v0x153e2fda0_0 .net "RS2addr_i", 4 0, L_0x153e32010;  alias, 1 drivers
v0x153e2fe80_0 .net "RS2data_o", 31 0, L_0x153e32e00;  alias, 1 drivers
v0x153e2ff20_0 .net "RegWrite_i", 0 0, L_0x153e32250;  alias, 1 drivers
v0x153e2ffd0_0 .net *"_ivl_0", 31 0, L_0x153e32970;  1 drivers
v0x153e30060_0 .net *"_ivl_10", 6 0, L_0x153e32cc0;  1 drivers
L_0x1580780e8 .functor BUFT 1, C4<00>, C4<0>, C4<0>, C4<0>;
v0x153e30190_0 .net *"_ivl_13", 1 0, L_0x1580780e8;  1 drivers
v0x153e30240_0 .net *"_ivl_2", 6 0, L_0x153e32a10;  1 drivers
L_0x1580780a0 .functor BUFT 1, C4<00>, C4<0>, C4<0>, C4<0>;
v0x153e302f0_0 .net *"_ivl_5", 1 0, L_0x1580780a0;  1 drivers
v0x153e303a0_0 .net *"_ivl_8", 31 0, L_0x153e32be0;  1 drivers
v0x153e30450_0 .net "clk_i", 0 0, v0x153e31af0_0;  alias, 1 drivers
v0x153e30500 .array/s "register", 31 0, 31 0;
E_0x153e2f2e0 .event posedge, v0x153e2f3e0_0;
L_0x153e32970 .array/port v0x153e30500, L_0x153e32a10;
L_0x153e32a10 .concat [ 5 2 0 0], L_0x153e31ef0, L_0x1580780a0;
L_0x153e32be0 .array/port v0x153e30500, L_0x153e32cc0;
L_0x153e32cc0 .concat [ 5 2 0 0], L_0x153e32010, L_0x1580780e8;
S_0x153e30610 .scope module, "Sign_Extend" "Sign_Extend" 3 73, 12 1 0, S_0x153e0e360;
 .timescale 0 0;
    .port_info 0 /INPUT 12 "data_i";
    .port_info 1 /OUTPUT 32 "data_o";
L_0x153e32f20 .functor BUFZ 32, v0x153e308a0_0, C4<00000000000000000000000000000000>, C4<00000000000000000000000000000000>, C4<00000000000000000000000000000000>;
v0x153e308a0_0 .var "data", 31 0;
v0x153e30960_0 .net "data_i", 11 0, L_0x153e32f90;  1 drivers
v0x153e30a00_0 .net "data_o", 31 0, L_0x153e32f20;  alias, 1 drivers
E_0x153e30850 .event edge, v0x153e30960_0;
    .scope S_0x153e2dbc0;
T_0 ;
    %wait E_0x153e2dde0;
    %load/vec4 v0x153e2e0f0_0;
    %dup/vec4;
    %pushi/vec4 51, 0, 7;
    %cmp/u;
    %jmp/1 T_0.0, 6;
    %dup/vec4;
    %pushi/vec4 19, 0, 7;
    %cmp/u;
    %jmp/1 T_0.1, 6;
    %jmp T_0.2;
T_0.0 ;
    %pushi/vec4 2, 0, 2;
    %store/vec4 v0x153e2de30_0, 0, 2;
    %pushi/vec4 0, 0, 1;
    %store/vec4 v0x153e2dfb0_0, 0, 1;
    %pushi/vec4 1, 0, 1;
    %store/vec4 v0x153e2e1e0_0, 0, 1;
    %jmp T_0.2;
T_0.1 ;
    %pushi/vec4 0, 0, 2;
    %store/vec4 v0x153e2de30_0, 0, 2;
    %pushi/vec4 1, 0, 1;
    %store/vec4 v0x153e2dfb0_0, 0, 1;
    %pushi/vec4 1, 0, 1;
    %store/vec4 v0x153e2e1e0_0, 0, 1;
    %jmp T_0.2;
T_0.2 ;
    %pop/vec4 1;
    %jmp T_0;
    .thread T_0, $push;
    .scope S_0x153e2f120;
T_1 ;
    %wait E_0x153e2f390;
    %load/vec4 v0x153e2f620_0;
    %inv;
    %flag_set/vec4 8;
    %jmp/0xz  T_1.0, 8;
    %pushi/vec4 0, 0, 32;
    %assign/vec4 v0x153e2f530_0, 0;
    %jmp T_1.1;
T_1.0 ;
    %load/vec4 v0x153e2f6b0_0;
    %flag_set/vec4 8;
    %jmp/0xz  T_1.2, 8;
    %load/vec4 v0x153e2f490_0;
    %assign/vec4 v0x153e2f530_0, 0;
    %jmp T_1.3;
T_1.2 ;
    %load/vec4 v0x153e2f530_0;
    %assign/vec4 v0x153e2f530_0, 0;
T_1.3 ;
T_1.1 ;
    %jmp T_1;
    .thread T_1;
    .scope S_0x153e2f7f0;
T_2 ;
    %wait E_0x153e2f2e0;
    %load/vec4 v0x153e2ff20_0;
    %flag_set/vec4 8;
    %jmp/0xz  T_2.0, 8;
    %load/vec4 v0x153e2fb70_0;
    %load/vec4 v0x153e2fab0_0;
    %pad/u 7;
    %ix/vec4 3;
    %ix/load 4, 0, 0; Constant delay
    %assign/vec4/a/d v0x153e30500, 0, 4;
T_2.0 ;
    %jmp T_2;
    .thread T_2;
    .scope S_0x153e2ea90;
T_3 ;
    %wait E_0x153e2ecd0;
    %load/vec4 v0x153e2f010_0;
    %flag_set/vec4 8;
    %jmp/0 T_3.0, 8;
    %load/vec4 v0x153e2ee90_0;
    %jmp/1 T_3.1, 8;
T_3.0 ; End of true expr.
    %load/vec4 v0x153e2ede0_0;
    %jmp/0 T_3.1, 8;
 ; End of false expr.
    %blend;
T_3.1;
    %store/vec4 v0x153e2ed20_0, 0, 32;
    %jmp T_3;
    .thread T_3, $push;
    .scope S_0x153e30610;
T_4 ;
    %wait E_0x153e30850;
    %load/vec4 v0x153e30960_0;
    %parti/s 1, 11, 5;
    %cmpi/e 1, 0, 1;
    %jmp/0xz  T_4.0, 4;
    %pushi/vec4 1048575, 0, 20;
    %load/vec4 v0x153e30960_0;
    %concat/vec4; draw_concat_vec4
    %store/vec4 v0x153e308a0_0, 0, 32;
    %jmp T_4.1;
T_4.0 ;
    %pushi/vec4 0, 0, 20;
    %load/vec4 v0x153e30960_0;
    %concat/vec4; draw_concat_vec4
    %store/vec4 v0x153e308a0_0, 0, 32;
T_4.1 ;
    %jmp T_4;
    .thread T_4, $push;
    .scope S_0x153e0d480;
T_5 ;
    %wait E_0x153e12150;
    %load/vec4 v0x153e14010_0;
    %dup/vec4;
    %pushi/vec4 0, 0, 3;
    %cmp/u;
    %jmp/1 T_5.0, 6;
    %dup/vec4;
    %pushi/vec4 1, 0, 3;
    %cmp/u;
    %jmp/1 T_5.1, 6;
    %dup/vec4;
    %pushi/vec4 2, 0, 3;
    %cmp/u;
    %jmp/1 T_5.2, 6;
    %dup/vec4;
    %pushi/vec4 6, 0, 3;
    %cmp/u;
    %jmp/1 T_5.3, 6;
    %dup/vec4;
    %pushi/vec4 7, 0, 3;
    %cmp/u;
    %jmp/1 T_5.4, 6;
    %dup/vec4;
    %pushi/vec4 3, 0, 3;
    %cmp/u;
    %jmp/1 T_5.5, 6;
    %dup/vec4;
    %pushi/vec4 4, 0, 3;
    %cmp/u;
    %jmp/1 T_5.6, 6;
    %jmp T_5.7;
T_5.0 ;
    %load/vec4 v0x153e2cef0_0;
    %load/vec4 v0x153e2cfe0_0;
    %and;
    %store/vec4 v0x153e2ce40_0, 0, 32;
    %jmp T_5.7;
T_5.1 ;
    %load/vec4 v0x153e2cef0_0;
    %load/vec4 v0x153e2cfe0_0;
    %xor;
    %store/vec4 v0x153e2ce40_0, 0, 32;
    %jmp T_5.7;
T_5.2 ;
    %load/vec4 v0x153e2cef0_0;
    %load/vec4 v0x153e2cfe0_0;
    %add;
    %store/vec4 v0x153e2ce40_0, 0, 32;
    %jmp T_5.7;
T_5.3 ;
    %load/vec4 v0x153e2cef0_0;
    %load/vec4 v0x153e2cfe0_0;
    %sub;
    %store/vec4 v0x153e2ce40_0, 0, 32;
    %load/vec4 v0x153e2ce40_0;
    %cmpi/ne 0, 0, 32;
    %flag_mov 8, 4;
    %jmp/0 T_5.8, 8;
    %pushi/vec4 0, 0, 1;
    %jmp/1 T_5.9, 8;
T_5.8 ; End of true expr.
    %pushi/vec4 1, 0, 1;
    %jmp/0 T_5.9, 8;
 ; End of false expr.
    %blend;
T_5.9;
    %store/vec4 v0x153e2ccf0_0, 0, 1;
    %jmp T_5.7;
T_5.4 ;
    %load/vec4 v0x153e2cef0_0;
    %load/vec4 v0x153e2cfe0_0;
    %ix/vec4 4;
    %shiftl 4;
    %store/vec4 v0x153e2ce40_0, 0, 32;
    %jmp T_5.7;
T_5.5 ;
    %load/vec4 v0x153e2cef0_0;
    %load/vec4 v0x153e2cfe0_0;
    %mul;
    %store/vec4 v0x153e2ce40_0, 0, 32;
    %jmp T_5.7;
T_5.6 ;
    %load/vec4 v0x153e2cef0_0;
    %load/vec4 v0x153e2cfe0_0;
    %parti/s 5, 0, 2;
    %ix/vec4 4;
    %shiftr/s 4;
    %store/vec4 v0x153e2ce40_0, 0, 32;
    %jmp T_5.7;
T_5.7 ;
    %pop/vec4 1;
    %jmp T_5;
    .thread T_5, $push;
    .scope S_0x153e2d1c0;
T_6 ;
    %wait E_0x153e2d3d0;
    %load/vec4 v0x153e2d570_0;
    %cmpi/e 0, 0, 2;
    %jmp/0xz  T_6.0, 4;
    %load/vec4 v0x153e2d620_0;
    %dup/vec4;
    %pushi/vec4 261, 0, 10;
    %cmp/u;
    %jmp/1 T_6.2, 6;
    %pushi/vec4 2, 0, 3;
    %store/vec4 v0x153e2d400_0, 0, 3;
    %jmp T_6.4;
T_6.2 ;
    %pushi/vec4 4, 0, 3;
    %store/vec4 v0x153e2d400_0, 0, 3;
    %jmp T_6.4;
T_6.4 ;
    %pop/vec4 1;
    %jmp T_6.1;
T_6.0 ;
    %load/vec4 v0x153e2d620_0;
    %dup/vec4;
    %pushi/vec4 7, 0, 10;
    %cmp/u;
    %jmp/1 T_6.5, 6;
    %dup/vec4;
    %pushi/vec4 4, 0, 10;
    %cmp/u;
    %jmp/1 T_6.6, 6;
    %dup/vec4;
    %pushi/vec4 1, 0, 10;
    %cmp/u;
    %jmp/1 T_6.7, 6;
    %dup/vec4;
    %pushi/vec4 0, 0, 10;
    %cmp/u;
    %jmp/1 T_6.8, 6;
    %dup/vec4;
    %pushi/vec4 256, 0, 10;
    %cmp/u;
    %jmp/1 T_6.9, 6;
    %dup/vec4;
    %pushi/vec4 8, 0, 10;
    %cmp/u;
    %jmp/1 T_6.10, 6;
    %jmp T_6.11;
T_6.5 ;
    %pushi/vec4 0, 0, 3;
    %store/vec4 v0x153e2d400_0, 0, 3;
    %jmp T_6.11;
T_6.6 ;
    %pushi/vec4 1, 0, 3;
    %store/vec4 v0x153e2d400_0, 0, 3;
    %jmp T_6.11;
T_6.7 ;
    %pushi/vec4 7, 0, 3;
    %store/vec4 v0x153e2d400_0, 0, 3;
    %jmp T_6.11;
T_6.8 ;
    %pushi/vec4 2, 0, 3;
    %store/vec4 v0x153e2d400_0, 0, 3;
    %jmp T_6.11;
T_6.9 ;
    %pushi/vec4 6, 0, 3;
    %store/vec4 v0x153e2d400_0, 0, 3;
    %jmp T_6.11;
T_6.10 ;
    %pushi/vec4 3, 0, 3;
    %store/vec4 v0x153e2d400_0, 0, 3;
    %jmp T_6.11;
T_6.11 ;
    %pop/vec4 1;
T_6.1 ;
    %jmp T_6;
    .thread T_6, $push;
    .scope S_0x153e0e1f0;
T_7 ;
    %delay 25, 0;
    %load/vec4 v0x153e31af0_0;
    %inv;
    %store/vec4 v0x153e31af0_0, 0, 1;
    %jmp T_7;
    .thread T_7;
    .scope S_0x153e0e1f0;
T_8 ;
    %pushi/vec4 0, 0, 32;
    %store/vec4 v0x153e31d20_0, 0, 32;
    %pushi/vec4 0, 0, 32;
    %store/vec4 v0x153e31db0_0, 0, 32;
T_8.0 ;
    %load/vec4 v0x153e31db0_0;
    %cmpi/s 256, 0, 32;
    %jmp/0xz T_8.1, 5;
    %pushi/vec4 0, 0, 32;
    %ix/getv/s 4, v0x153e31db0_0;
    %store/vec4a v0x153e2e9c0, 4, 0;
    %load/vec4 v0x153e31db0_0;
    %addi 1, 0, 32;
    %store/vec4 v0x153e31db0_0, 0, 32;
    %jmp T_8.0;
T_8.1 ;
    %pushi/vec4 0, 0, 32;
    %store/vec4 v0x153e31db0_0, 0, 32;
T_8.2 ;
    %load/vec4 v0x153e31db0_0;
    %cmpi/s 32, 0, 32;
    %jmp/0xz T_8.3, 5;
    %pushi/vec4 0, 0, 32;
    %ix/getv/s 4, v0x153e31db0_0;
    %store/vec4a v0x153e30500, 4, 0;
    %load/vec4 v0x153e31db0_0;
    %addi 1, 0, 32;
    %store/vec4 v0x153e31db0_0, 0, 32;
    %jmp T_8.2;
T_8.3 ;
    %vpi_call 2 32 "$readmemb", "instruction.txt", v0x153e2e9c0 {0 0 0};
    %vpi_func 2 35 "$fopen" 32, "output.txt" {0 0 0};
    %pushi/vec4 1, 0, 32;
    %or;
    %store/vec4 v0x153e31e40_0, 0, 32;
    %pushi/vec4 0, 0, 1;
    %store/vec4 v0x153e31af0_0, 0, 1;
    %pushi/vec4 0, 0, 1;
    %store/vec4 v0x153e31b80_0, 0, 1;
    %pushi/vec4 0, 0, 1;
    %store/vec4 v0x153e31c50_0, 0, 1;
    %delay 12, 0;
    %pushi/vec4 1, 0, 1;
    %store/vec4 v0x153e31b80_0, 0, 1;
    %pushi/vec4 1, 0, 1;
    %store/vec4 v0x153e31c50_0, 0, 1;
    %end;
    .thread T_8;
    .scope S_0x153e0e1f0;
T_9 ;
    %wait E_0x153e2f2e0;
    %load/vec4 v0x153e31d20_0;
    %cmpi/e 30, 0, 32;
    %jmp/0xz  T_9.0, 4;
    %vpi_call 2 50 "$finish" {0 0 0};
T_9.0 ;
    %vpi_call 2 53 "$fdisplay", v0x153e31e40_0, "PC = %d", v0x153e2f530_0 {0 0 0};
    %vpi_call 2 56 "$fdisplay", v0x153e31e40_0, "Registers" {0 0 0};
    %vpi_call 2 57 "$fdisplay", v0x153e31e40_0, "x0     = %d, x8(s0)  = %d, x16(a6) = %d, x24(s8)  = %d", &A<v0x153e30500, 0>, &A<v0x153e30500, 8>, &A<v0x153e30500, 16>, &A<v0x153e30500, 24> {0 0 0};
    %vpi_call 2 58 "$fdisplay", v0x153e31e40_0, "x1(ra) = %d, x9(s1)  = %d, x17(a7) = %d, x25(s9)  = %d", &A<v0x153e30500, 1>, &A<v0x153e30500, 9>, &A<v0x153e30500, 17>, &A<v0x153e30500, 25> {0 0 0};
    %vpi_call 2 59 "$fdisplay", v0x153e31e40_0, "x2(sp) = %d, x10(a0) = %d, x18(s2) = %d, x26(s10) = %d", &A<v0x153e30500, 2>, &A<v0x153e30500, 10>, &A<v0x153e30500, 18>, &A<v0x153e30500, 26> {0 0 0};
    %vpi_call 2 60 "$fdisplay", v0x153e31e40_0, "x3(gp) = %d, x11(a1) = %d, x19(s3) = %d, x27(s11) = %d", &A<v0x153e30500, 3>, &A<v0x153e30500, 11>, &A<v0x153e30500, 19>, &A<v0x153e30500, 27> {0 0 0};
    %vpi_call 2 61 "$fdisplay", v0x153e31e40_0, "x4(tp) = %d, x12(a2) = %d, x20(s4) = %d, x28(t3)  = %d", &A<v0x153e30500, 4>, &A<v0x153e30500, 12>, &A<v0x153e30500, 20>, &A<v0x153e30500, 28> {0 0 0};
    %vpi_call 2 62 "$fdisplay", v0x153e31e40_0, "x5(t0) = %d, x13(a3) = %d, x21(s5) = %d, x29(t4)  = %d", &A<v0x153e30500, 5>, &A<v0x153e30500, 13>, &A<v0x153e30500, 21>, &A<v0x153e30500, 29> {0 0 0};
    %vpi_call 2 63 "$fdisplay", v0x153e31e40_0, "x6(t1) = %d, x14(a4) = %d, x22(s6) = %d, x30(t5)  = %d", &A<v0x153e30500, 6>, &A<v0x153e30500, 14>, &A<v0x153e30500, 22>, &A<v0x153e30500, 30> {0 0 0};
    %vpi_call 2 64 "$fdisplay", v0x153e31e40_0, "x7(t2) = %d, x15(a5) = %d, x23(s7) = %d, x31(t6)  = %d", &A<v0x153e30500, 7>, &A<v0x153e30500, 15>, &A<v0x153e30500, 23>, &A<v0x153e30500, 31> {0 0 0};
    %vpi_call 2 66 "$fdisplay", v0x153e31e40_0, "\012" {0 0 0};
    %load/vec4 v0x153e31d20_0;
    %addi 1, 0, 32;
    %store/vec4 v0x153e31d20_0, 0, 32;
    %jmp T_9;
    .thread T_9;
# The file index is used to find the file name in the following table.
:file_names 13;
    "N/A";
    "<interactive>";
    "./testbench.v";
    "./CPU.v";
    "./ALU.v";
    "./ALU_Control.v";
    "./Adder.v";
    "./Control.v";
    "./Instruction_Memory.v";
    "./MUX32.v";
    "./PC.v";
    "./Registers.v";
    "./Sign_Extend.v";
